PyTorch is not installed. Attempting to install...
Looking in indexes: https://download.pytorch.org/whl/cu122
ERROR: Could not find a version that satisfies the requirement torch==2.3.1 (from versions: none)
ERROR: No matching distribution found for torch==2.3.1
Failed to install PyTorch: Command '['D:\\RetroRemasterProject\\Tools\\DualGPUOptimizer\\DualGPUOptimizer\\.venv\\Scripts\\python.exe', '-m', 'pip', 'install', 'torch==2.3.1', 'torchvision==0.18.1', 'torchaudio==2.3.1', '--index-url', 'https://download.pytorch.org/whl/cu122']' returned non-zero exit status 1.
Error launching application: cannot import name 'main_app' from 'dualgpuopt.gui' (D:\RetroRemasterProject\Tools\DualGPUOptimizer\DualGPUOptimizer\dualgpuopt\gui\__init__.py)
Traceback (most recent call last):
  File "D:\RetroRemasterProject\Tools\DualGPUOptimizer\DualGPUOptimizer\run_optimizer.py", line 67, in <module>
    from dualgpuopt.gui import main_app
ImportError: cannot import name 'main_app' from 'dualgpuopt.gui' (D:\RetroRemasterProject\Tools\DualGPUOptimizer\DualGPUOptimizer\dualgpuopt\gui\__init__.py)
Press Enter to exit...Traceback (most recent call last):
  File "D:\RetroRemasterProject\Tools\DualGPUOptimizer\DualGPUOptimizer\run_optimizer.py", line 67, in <module>
ImportError: cannot import name 'main_app' from 'dualgpuopt.gui' (D:\RetroRemasterProject\Tools\DualGPUOptimizer\DualGPUOptimizer\dualgpuopt\gui\__init__.py)

During handling of the above exception, another exception occurred:

Traceback (most recent call last):
  File "D:\RetroRemasterProject\Tools\DualGPUOptimizer\DualGPUOptimizer\run_optimizer.py", line 92, in <module>
    input("Press Enter to exit...") 
    ^^^^^^^^^^^^^^^^^^^^^^^^^^^^^^^
KeyboardInterrupt
^C